<?xml version="1.0" encoding="UTF-8"?>
<!-- Generated by org.testng.reporters.JUnitXMLReporter -->
<testsuite ignored="4" hostname="DESKTOP-27VEJ79" failures="0" tests="1" name="TestNGInclude(failed)(failed)" time="0.585" errors="0" timestamp="2023-06-13T16:12:09 IST">
  <testcase classname="testNGStudy.TestNGKeywordsUse" name="b" time="0.519"/>
  <testcase classname="testNGStudy.TestNGKeywordsUse" name="test" time="0.0">
    <ignored/>
  </testcase> <!-- test -->
  <testcase classname="testNGStudy.TestNGKeywordsUse" name="d" time="0.0">
    <ignored/>
  </testcase> <!-- d -->
  <testcase classname="testNGStudy.TestNGKeywordsUse" name="c" time="0.0">
    <ignored/>
  </testcase> <!-- c -->
  <testcase classname="testNGStudy.TestNGKeywordsUse" name="a" time="0.0">
    <ignored/>
  </testcase> <!-- a -->
</testsuite> <!-- TestNGInclude(failed)(failed) -->
