<?xml version="1.0" encoding="UTF-8"?>
<!-- Generated by org.testng.reporters.JUnitXMLReporter -->
<testsuite ignored="0" hostname="DESKTOP-27VEJ79" failures="0" tests="3" name="ParallelTest" time="27.755" errors="0" timestamp="2023-06-13T16:35:01 IST">
  <testcase classname="testNGStudy.Parallel3" name="flipcartLaunch" time="11.763"/>
  <testcase classname="testNGStudy.Parallel2" name="facebookLaunch" time="6.941"/>
  <testcase classname="testNGStudy.Parallel1" name="vctcPuneLaunch" time="8.979"/>
</testsuite> <!-- ParallelTest -->
