<?xml version="1.0" encoding="UTF-8"?>
<!-- Generated by org.testng.reporters.JUnitXMLReporter -->
<testsuite ignored="3" hostname="DESKTOP-27VEJ79" failures="0" tests="3" name="Test" time="0.104" errors="0" timestamp="2023-06-30T10:20:36 IST">
  <testcase classname="testNGStudy.Exclude" name="Test4" time="0.015"/>
  <testcase classname="testNGStudy.Exclude" name="Test6" time="0.01"/>
  <testcase classname="testNGStudy.Include" name="Test1" time="0.001"/>
  <testcase classname="testNGStudy.Include" name="Test3" time="0.0">
    <ignored/>
  </testcase> <!-- Test3 -->
  <testcase classname="testNGStudy.Exclude" name="Test5" time="0.0">
    <ignored/>
  </testcase> <!-- Test5 -->
  <testcase classname="testNGStudy.Include" name="Test2" time="0.0">
    <ignored/>
  </testcase> <!-- Test2 -->
</testsuite> <!-- Test -->
