<?xml version="1.0" encoding="UTF-8"?>
<!-- Generated by org.testng.reporters.JUnitXMLReporter -->
<testsuite ignored="4" hostname="DESKTOP-27VEJ79" failures="1" tests="1" name="TestNGInclude(failed)" time="1.117" errors="0" timestamp="2023-06-13T16:11:15 IST">
  <testcase classname="testNGStudy.TestNGKeywordsUse" name="b" time="1.023">
    <failure type="org.testng.internal.thread.ThreadTimeoutException" message="Method testNGStudy.TestNGKeywordsUse.b() didn&amp;apos;t finish within the time-out 1000">
      <![CDATA[org.testng.internal.thread.ThreadTimeoutException: Method testNGStudy.TestNGKeywordsUse.b() didn't finish within the time-out 1000
at java.base/java.util.ArrayList.forEach(ArrayList.java:1511)
... Removed 24 stack frames]]>
    </failure>
  </testcase> <!-- b -->
  <testcase classname="testNGStudy.TestNGKeywordsUse" name="test" time="0.0">
    <ignored/>
  </testcase> <!-- test -->
  <testcase classname="testNGStudy.TestNGKeywordsUse" name="d" time="0.0">
    <ignored/>
  </testcase> <!-- d -->
  <testcase classname="testNGStudy.TestNGKeywordsUse" name="c" time="0.0">
    <ignored/>
  </testcase> <!-- c -->
  <testcase classname="testNGStudy.TestNGKeywordsUse" name="a" time="0.0">
    <ignored/>
  </testcase> <!-- a -->
</testsuite> <!-- TestNGInclude(failed) -->
